GowinSynthesis start
Running parser ...
Analyzing Verilog file 'C:\Users\moham\tang-nano-4k-hdmi-audio\tang_audio_demo\tang_audio_demo\src\audio_clock_regeneration_packet.sv'
WARN  (EX2478) : Non-net output port 'clk_audio_counter_wrap' cannot be initialized at declaration in SystemVerilog mode("C:\Users\moham\tang-nano-4k-hdmi-audio\tang_audio_demo\tang_audio_demo\src\audio_clock_regeneration_packet.sv":13)
Analyzing Verilog file 'C:\Users\moham\tang-nano-4k-hdmi-audio\tang_audio_demo\tang_audio_demo\src\audio_info_frame.sv'
Analyzing Verilog file 'C:\Users\moham\tang-nano-4k-hdmi-audio\tang_audio_demo\tang_audio_demo\src\audio_sample_packet.sv'
Analyzing Verilog file 'C:\Users\moham\tang-nano-4k-hdmi-audio\tang_audio_demo\tang_audio_demo\src\auxiliary_video_information_info_frame.sv'
Analyzing Verilog file 'C:\Users\moham\tang-nano-4k-hdmi-audio\tang_audio_demo\tang_audio_demo\src\gowin_clkdiv.v'
Analyzing Verilog file 'C:\Users\moham\tang-nano-4k-hdmi-audio\tang_audio_demo\tang_audio_demo\src\gowin_pllvr.v'
Analyzing Verilog file 'C:\Users\moham\tang-nano-4k-hdmi-audio\tang_audio_demo\tang_audio_demo\src\hdmi.sv'
WARN  (EX2478) : Non-net output port 'cx' cannot be initialized at declaration in SystemVerilog mode("C:\Users\moham\tang-nano-4k-hdmi-audio\tang_audio_demo\tang_audio_demo\src\hdmi.sv":81)
WARN  (EX2478) : Non-net output port 'cy' cannot be initialized at declaration in SystemVerilog mode("C:\Users\moham\tang-nano-4k-hdmi-audio\tang_audio_demo\tang_audio_demo\src\hdmi.sv":82)
Analyzing Verilog file 'C:\Users\moham\tang-nano-4k-hdmi-audio\tang_audio_demo\tang_audio_demo\src\packet_assembler.sv'
WARN  (EX2478) : Non-net output port 'counter' cannot be initialized at declaration in SystemVerilog mode("C:\Users\moham\tang-nano-4k-hdmi-audio\tang_audio_demo\tang_audio_demo\src\packet_assembler.sv":11)
Analyzing Verilog file 'C:\Users\moham\tang-nano-4k-hdmi-audio\tang_audio_demo\tang_audio_demo\src\packet_picker.sv'
Analyzing Verilog file 'C:\Users\moham\tang-nano-4k-hdmi-audio\tang_audio_demo\tang_audio_demo\src\serializer.sv'
Analyzing Verilog file 'C:\Users\moham\tang-nano-4k-hdmi-audio\tang_audio_demo\tang_audio_demo\src\source_product_description_info_frame.sv'
Analyzing Verilog file 'C:\Users\moham\tang-nano-4k-hdmi-audio\tang_audio_demo\tang_audio_demo\src\tmds_channel.sv'
WARN  (EX2478) : Non-net output port 'tmds' cannot be initialized at declaration in SystemVerilog mode("C:\Users\moham\tang-nano-4k-hdmi-audio\tang_audio_demo\tang_audio_demo\src\tmds_channel.sv":16)
Analyzing Verilog file 'C:\Users\moham\tang-nano-4k-hdmi-audio\tang_audio_demo\tang_audio_demo\src\top.v'
Compiling module 'top'("C:\Users\moham\tang-nano-4k-hdmi-audio\tang_audio_demo\tang_audio_demo\src\top.v":1)
Compiling module 'Gowin_CLKDIV'("C:\Users\moham\tang-nano-4k-hdmi-audio\tang_audio_demo\tang_audio_demo\src\gowin_clkdiv.v":9)
Compiling module 'Gowin_PLLVR'("C:\Users\moham\tang-nano-4k-hdmi-audio\tang_audio_demo\tang_audio_demo\src\gowin_pllvr.v":9)
Compiling module 'Reset_Sync'("C:\Users\moham\tang-nano-4k-hdmi-audio\tang_audio_demo\tang_audio_demo\src\top.v":112)
Compiling module 'hdmi(AUDIO_RATE=48000)'("C:\Users\moham\tang-nano-4k-hdmi-audio\tang_audio_demo\tang_audio_demo\src\hdmi.sv":4)
Compiling module 'packet_picker(VIDEO_ID_CODE=1,VIDEO_RATE=25174825.1748252,IT_CONTENT=1'b1,AUDIO_BIT_WIDTH=16,AUDIO_RATE=48000,VENDOR_NAME=64'b0101010101101110011010110110111001101111011101110110111000000000,PRODUCT_DESCRIPTION=128'b01000110010100000100011101000001000000000000000000000000000000000000000000000000000000000000000000000000000000000000000000000000,SOURCE_DEVICE_INFORMATION=8'b00000000)'("C:\Users\moham\tang-nano-4k-hdmi-audio\tang_audio_demo\tang_audio_demo\src\packet_picker.sv":4)
Extracting RAM for identifier 'audio_sample_word_buffer'("C:\Users\moham\tang-nano-4k-hdmi-audio\tang_audio_demo\tang_audio_demo\src\packet_picker.sv":80)
Compiling module 'audio_clock_regeneration_packet(VIDEO_RATE=25174825.1748252,AUDIO_RATE=48000)'("C:\Users\moham\tang-nano-4k-hdmi-audio\tang_audio_demo\tang_audio_demo\src\audio_clock_regeneration_packet.sv":5)
Compiling module 'audio_sample_packet(SAMPLING_FREQUENCY=4'b0010,WORD_LENGTH=4'b0010)'("C:\Users\moham\tang-nano-4k-hdmi-audio\tang_audio_demo\tang_audio_demo\src\audio_sample_packet.sv":8)
WARN  (EX3780) : Using initial value of 'CHANNEL_LEFT' since it is never assigned("C:\Users\moham\tang-nano-4k-hdmi-audio\tang_audio_demo\tang_audio_demo\src\audio_sample_packet.sv":63)
WARN  (EX3780) : Using initial value of 'CHANNEL_RIGHT' since it is never assigned("C:\Users\moham\tang-nano-4k-hdmi-audio\tang_audio_demo\tang_audio_demo\src\audio_sample_packet.sv":64)
Compiling module 'auxiliary_video_information_info_frame(IT_CONTENT=1'b1,VIDEO_ID_CODE=32'sb00000000000000000000000000000001)'("C:\Users\moham\tang-nano-4k-hdmi-audio\tang_audio_demo\tang_audio_demo\src\auxiliary_video_information_info_frame.sv":5)
Compiling module 'source_product_description_info_frame(VENDOR_NAME=64'b0101010101101110011010110110111001101111011101110110111000000000,PRODUCT_DESCRIPTION=128'b01000110010100000100011101000001000000000000000000000000000000000000000000000000000000000000000000000000000000000000000000000000,SOURCE_DEVICE_INFORMATION=8'b00000000)'("C:\Users\moham\tang-nano-4k-hdmi-audio\tang_audio_demo\tang_audio_demo\src\source_product_description_info_frame.sv":5)
Compiling module 'audio_info_frame'("C:\Users\moham\tang-nano-4k-hdmi-audio\tang_audio_demo\tang_audio_demo\src\audio_info_frame.sv":5)
WARN  (EX1998) : Net 'headers[255][23]' does not have a driver("C:\Users\moham\tang-nano-4k-hdmi-audio\tang_audio_demo\tang_audio_demo\src\packet_picker.sv":29)
WARN  (EX1998) : Net 'subs[255][3][55]' does not have a driver("C:\Users\moham\tang-nano-4k-hdmi-audio\tang_audio_demo\tang_audio_demo\src\packet_picker.sv":30)
Compiling module 'packet_assembler'("C:\Users\moham\tang-nano-4k-hdmi-audio\tang_audio_demo\tang_audio_demo\src\packet_assembler.sv":4)
Compiling module 'tmds_channel'("C:\Users\moham\tang-nano-4k-hdmi-audio\tang_audio_demo\tang_audio_demo\src\tmds_channel.sv":4)
Compiling module 'tmds_channel(CN=1)'("C:\Users\moham\tang-nano-4k-hdmi-audio\tang_audio_demo\tang_audio_demo\src\tmds_channel.sv":4)
Compiling module 'tmds_channel(CN=2)'("C:\Users\moham\tang-nano-4k-hdmi-audio\tang_audio_demo\tang_audio_demo\src\tmds_channel.sv":4)
Compiling module 'serializer(VIDEO_RATE=25174825.1748252)'("C:\Users\moham\tang-nano-4k-hdmi-audio\tang_audio_demo\tang_audio_demo\src\serializer.sv":1)
NOTE  (EX0101) : Current top module is "top"
[5%] Running netlist conversion ...
Running device independent optimization ...
[10%] Optimizing Phase 0 completed
[15%] Optimizing Phase 1 completed
[25%] Optimizing Phase 2 completed
Running inference ...
[30%] Inferring Phase 0 completed
[40%] Inferring Phase 1 completed
[50%] Inferring Phase 2 completed
[55%] Inferring Phase 3 completed
Running technical mapping ...
[60%] Tech-Mapping Phase 0 completed
[65%] Tech-Mapping Phase 1 completed
[75%] Tech-Mapping Phase 2 completed
[80%] Tech-Mapping Phase 3 completed
[90%] Tech-Mapping Phase 4 completed
WARN  (NL0002) : The module "audio_info_frame" instantiated to "audio_info_frame" is swept in optimizing("C:\Users\moham\tang-nano-4k-hdmi-audio\tang_audio_demo\tang_audio_demo\src\packet_picker.sv":143)
WARN  (NL0002) : The module "audio_sample_packet" instantiated to "audio_sample_packet" is swept in optimizing("C:\Users\moham\tang-nano-4k-hdmi-audio\tang_audio_demo\tang_audio_demo\src\packet_picker.sv":131)
WARN  (NL0002) : The module "auxiliary_video_information_info_frame" instantiated to "auxiliary_video_information_info_frame" is swept in optimizing("C:\Users\moham\tang-nano-4k-hdmi-audio\tang_audio_demo\tang_audio_demo\src\packet_picker.sv":137)
WARN  (NL0002) : The module "source_product_description_info_frame" instantiated to "source_product_description_info_frame" is swept in optimizing("C:\Users\moham\tang-nano-4k-hdmi-audio\tang_audio_demo\tang_audio_demo\src\packet_picker.sv":140)
[95%] Generate netlist file "C:\Users\moham\tang-nano-4k-hdmi-audio\tang_audio_demo\tang_audio_demo\impl\gwsynthesis\tang_audio_demo.vg" completed
[100%] Generate report file "C:\Users\moham\tang-nano-4k-hdmi-audio\tang_audio_demo\tang_audio_demo\impl\gwsynthesis\tang_audio_demo_syn.rpt.html" completed
GowinSynthesis finish
