Reading netlist file: "C:\Users\moham\tang-nano-4k-hdmi-audio\tang_audio_demo\tang_audio_demo\impl\gwsynthesis\tang_audio_demo.vg"
Parsing netlist file "C:\Users\moham\tang-nano-4k-hdmi-audio\tang_audio_demo\tang_audio_demo\impl\gwsynthesis\tang_audio_demo.vg" completed
Processing netlist completed
Reading constraint file: "C:\Users\moham\tang-nano-4k-hdmi-audio\tang_audio_demo\tang_audio_demo\src\hdmi.cst"
Physical Constraint parsed completed
Running placement......
[10%] Placement Phase 0 completed
[20%] Placement Phase 1 completed
[30%] Placement Phase 2 completed
WARN  (TA1132) :  'u_div_5/clkdiv_inst/CLKOUT.default_gen_clk' was determined to be a clock but was not created.
[50%] Placement Phase 3 completed
Running routing......
[60%] Routing Phase 0 completed
[70%] Routing Phase 1 completed
[80%] Routing Phase 2 completed
[90%] Routing Phase 3 completed
Running timing analysis......
[95%] Timing analysis completed
Placement and routing completed
Bitstream generation in progress......
Bitstream generation completed
Running power analysis......
[100%] Power analysis completed
Generate file "C:\Users\moham\tang-nano-4k-hdmi-audio\tang_audio_demo\tang_audio_demo\impl\pnr\tang_audio_demo.power.html" completed
Generate file "C:\Users\moham\tang-nano-4k-hdmi-audio\tang_audio_demo\tang_audio_demo\impl\pnr\tang_audio_demo.pin.html" completed
Generate file "C:\Users\moham\tang-nano-4k-hdmi-audio\tang_audio_demo\tang_audio_demo\impl\pnr\tang_audio_demo.rpt.html" completed
Generate file "C:\Users\moham\tang-nano-4k-hdmi-audio\tang_audio_demo\tang_audio_demo\impl\pnr\tang_audio_demo.rpt.txt" completed
Generate file "C:\Users\moham\tang-nano-4k-hdmi-audio\tang_audio_demo\tang_audio_demo\impl\pnr\tang_audio_demo.tr.html" completed
Sun May 17 10:31:15 2026

